<?xml version="1.0" encoding="UTF-8"?>
<!-- Generated by org.testng.reporters.JUnitReportReporter -->
<testsuite hostname="R50000199" failures="0" tests="1" name="tests.Test_Form" time="21.215" errors="0" timestamp="2024-04-13T02:11:23 BDT" skipped="0">
  <testcase classname="tests.Test_Form" name="FormTest" time="21.215"/>
  <system-out/>
</testsuite> <!-- tests.Test_Form -->
